<?xml version="1.0" encoding="UTF-8"?>
<testng-results ignored="0" total="1" passed="1" failed="0" skipped="0">
  <reporter-output>
  </reporter-output>
  <suite started-at="2024-10-14T14:23:18 IST" name="Default suite" finished-at="2024-10-14T14:23:43 IST" duration-ms="25926">
    <groups>
    </groups>
    <test started-at="2024-10-14T14:23:18 IST" name="Default test" finished-at="2024-10-14T14:23:43 IST" duration-ms="25926">
      <class name="SeleniumPracticeProject.SeleniumPracticeProject.HRMOrange">
        <test-method is-config="true" signature="setup()[pri:0, instance:SeleniumPracticeProject.SeleniumPracticeProject.HRMOrange@434a63ab]" started-at="2024-10-14T14:23:18 IST" name="setup" finished-at="2024-10-14T14:23:31 IST" duration-ms="12891" status="PASS">
          <reporter-output>
          </reporter-output>
        </test-method> <!-- setup -->
        <test-method signature="loginTest()[pri:0, instance:SeleniumPracticeProject.SeleniumPracticeProject.HRMOrange@434a63ab]" started-at="2024-10-14T14:23:31 IST" name="loginTest" finished-at="2024-10-14T14:23:33 IST" duration-ms="2632" status="PASS">
          <reporter-output>
          </reporter-output>
        </test-method> <!-- loginTest -->
        <test-method is-config="true" signature="tearDown()[pri:0, instance:SeleniumPracticeProject.SeleniumPracticeProject.HRMOrange@434a63ab]" started-at="2024-10-14T14:23:33 IST" name="tearDown" finished-at="2024-10-14T14:23:43 IST" duration-ms="10260" status="PASS">
          <reporter-output>
          </reporter-output>
        </test-method> <!-- tearDown -->
      </class> <!-- SeleniumPracticeProject.SeleniumPracticeProject.HRMOrange -->
    </test> <!-- Default test -->
  </suite> <!-- Default suite -->
</testng-results>
